<?xml version="1.0" encoding="UTF-8"?>
<!-- Generated by org.testng.reporters.JUnitXMLReporter -->
<testsuite ignored="0" hostname="LAPTOP-FTRQM368" failures="0" tests="4" name="Default test" time="0.072" errors="0" timestamp="05 Mar 2023 11:32:10 GMT">
  <testcase classname="testpack.TestNG3" name="testA" time="0.012"/>
  <testcase classname="testpack.TestNG3" name="testB" time="0.003"/>
  <testcase classname="testpack.TestNG3" name="testC" time="0.001"/>
  <testcase classname="testpack.TestNG3" name="testD" time="0.002"/>
</testsuite> <!-- Default test -->
