<?xml version="1.0" encoding="UTF-8"?>
<!-- Generated by org.testng.reporters.JUnitXMLReporter -->
<testsuite ignored="0" hostname="LAPTOP-FTRQM368" failures="0" tests="6" name="TestFB" time="42.375" errors="0" timestamp="03 Mar 2023 15:48:15 GMT">
  <testcase classname="testpack.FBTestNG1" name="logIn" time="9.385"/>
  <testcase classname="testpack.FBCreateAcc" name="signIn" time="24.958"/>
  <testcase classname="testpack.TestNG2" name="test1" time="0.0"/>
  <testcase classname="testpack.TestNG2" name="test2" time="0.0"/>
  <testcase classname="testpack.TestNG2" name="test3" time="0.006"/>
  <testcase classname="testpack.TestNG2" name="test4" time="0.0"/>
</testsuite> <!-- TestFB -->
