<?xml version="1.0" encoding="UTF-8"?>
<!-- Generated by org.testng.reporters.JUnitXMLReporter -->
<testsuite ignored="0" hostname="LAPTOP-FTRQM368" failures="0" tests="5" name="TestFB1" time="28.388" errors="0" timestamp="03 Mar 2023 15:48:44 GMT">
  <testcase classname="testpack.FBCreateAcc" name="signIn" time="25.053"/>
  <testcase classname="testpack.TestNG2" name="test1" time="0.0"/>
  <testcase classname="testpack.TestNG2" name="test2" time="0.0"/>
  <testcase classname="testpack.TestNG2" name="test3" time="0.0"/>
  <testcase classname="testpack.TestNG2" name="test4" time="0.0"/>
</testsuite> <!-- TestFB1 -->
