<?xml version="1.0" encoding="UTF-8"?>
<testng-results ignored="0" total="4" passed="4" failed="0" skipped="0">
  <reporter-output>
  </reporter-output>
  <suite started-at="2023-03-05T11:32:10Z" name="Default suite" finished-at="2023-03-05T11:32:10Z" duration-ms="72">
    <groups>
    </groups>
    <test started-at="2023-03-05T11:32:10Z" name="Default test" finished-at="2023-03-05T11:32:10Z" duration-ms="72">
      <class name="testpack.TestNG3">
        <test-method is-config="true" signature="beforeSuit()[pri:0, instance:testpack.TestNG3@3e8c3cb]" started-at="2023-03-05T11:32:10Z" name="beforeSuit" finished-at="2023-03-05T11:32:10Z" duration-ms="20" status="PASS">
          <reporter-output>
          </reporter-output>
        </test-method> <!-- beforeSuit -->
        <test-method is-config="true" signature="beforeTest()[pri:0, instance:testpack.TestNG3@3e8c3cb]" started-at="2023-03-05T11:32:10Z" name="beforeTest" finished-at="2023-03-05T11:32:10Z" duration-ms="1" status="PASS">
          <reporter-output>
          </reporter-output>
        </test-method> <!-- beforeTest -->
        <test-method is-config="true" signature="beforeClass()[pri:0, instance:testpack.TestNG3@3e8c3cb]" started-at="2023-03-05T11:32:10Z" name="beforeClass" finished-at="2023-03-05T11:32:10Z" duration-ms="0" status="PASS">
          <reporter-output>
          </reporter-output>
        </test-method> <!-- beforeClass -->
        <test-method is-config="true" signature="beforeMethod()[pri:0, instance:testpack.TestNG3@3e8c3cb]" started-at="2023-03-05T11:32:10Z" name="beforeMethod" finished-at="2023-03-05T11:32:10Z" duration-ms="1" status="PASS">
          <reporter-output>
          </reporter-output>
        </test-method> <!-- beforeMethod -->
        <test-method signature="testA()[pri:0, instance:testpack.TestNG3@3e8c3cb]" started-at="2023-03-05T11:32:10Z" name="testA" finished-at="2023-03-05T11:32:10Z" duration-ms="12" status="PASS">
          <reporter-output>
          </reporter-output>
        </test-method> <!-- testA -->
        <test-method is-config="true" signature="afterMethod()[pri:0, instance:testpack.TestNG3@3e8c3cb]" started-at="2023-03-05T11:32:10Z" name="afterMethod" finished-at="2023-03-05T11:32:10Z" duration-ms="1" status="PASS">
          <reporter-output>
          </reporter-output>
        </test-method> <!-- afterMethod -->
        <test-method signature="testB()[pri:0, instance:testpack.TestNG3@3e8c3cb]" started-at="2023-03-05T11:32:10Z" name="testB" finished-at="2023-03-05T11:32:10Z" duration-ms="3" status="PASS">
          <reporter-output>
          </reporter-output>
        </test-method> <!-- testB -->
        <test-method is-config="true" signature="beforeMethod()[pri:0, instance:testpack.TestNG3@3e8c3cb]" started-at="2023-03-05T11:32:10Z" name="beforeMethod" finished-at="2023-03-05T11:32:10Z" duration-ms="0" status="PASS">
          <reporter-output>
          </reporter-output>
        </test-method> <!-- beforeMethod -->
        <test-method is-config="true" signature="afterMethod()[pri:0, instance:testpack.TestNG3@3e8c3cb]" started-at="2023-03-05T11:32:10Z" name="afterMethod" finished-at="2023-03-05T11:32:10Z" duration-ms="0" status="PASS">
          <reporter-output>
          </reporter-output>
        </test-method> <!-- afterMethod -->
        <test-method is-config="true" signature="beforeMethod()[pri:0, instance:testpack.TestNG3@3e8c3cb]" started-at="2023-03-05T11:32:10Z" name="beforeMethod" finished-at="2023-03-05T11:32:10Z" duration-ms="0" status="PASS">
          <reporter-output>
          </reporter-output>
        </test-method> <!-- beforeMethod -->
        <test-method signature="testC()[pri:0, instance:testpack.TestNG3@3e8c3cb]" started-at="2023-03-05T11:32:10Z" name="testC" finished-at="2023-03-05T11:32:10Z" duration-ms="1" status="PASS">
          <reporter-output>
          </reporter-output>
        </test-method> <!-- testC -->
        <test-method is-config="true" signature="afterMethod()[pri:0, instance:testpack.TestNG3@3e8c3cb]" started-at="2023-03-05T11:32:10Z" name="afterMethod" finished-at="2023-03-05T11:32:10Z" duration-ms="0" status="PASS">
          <reporter-output>
          </reporter-output>
        </test-method> <!-- afterMethod -->
        <test-method is-config="true" signature="beforeMethod()[pri:0, instance:testpack.TestNG3@3e8c3cb]" started-at="2023-03-05T11:32:10Z" name="beforeMethod" finished-at="2023-03-05T11:32:10Z" duration-ms="1" status="PASS">
          <reporter-output>
          </reporter-output>
        </test-method> <!-- beforeMethod -->
        <test-method signature="testD()[pri:0, instance:testpack.TestNG3@3e8c3cb]" started-at="2023-03-05T11:32:10Z" name="testD" finished-at="2023-03-05T11:32:10Z" duration-ms="2" status="PASS">
          <reporter-output>
          </reporter-output>
        </test-method> <!-- testD -->
        <test-method is-config="true" signature="afterMethod()[pri:0, instance:testpack.TestNG3@3e8c3cb]" started-at="2023-03-05T11:32:10Z" name="afterMethod" finished-at="2023-03-05T11:32:10Z" duration-ms="1" status="PASS">
          <reporter-output>
          </reporter-output>
        </test-method> <!-- afterMethod -->
        <test-method is-config="true" signature="afterClass()[pri:0, instance:testpack.TestNG3@3e8c3cb]" started-at="2023-03-05T11:32:10Z" name="afterClass" finished-at="2023-03-05T11:32:10Z" duration-ms="0" status="PASS">
          <reporter-output>
          </reporter-output>
        </test-method> <!-- afterClass -->
        <test-method is-config="true" signature="afterTest()[pri:0, instance:testpack.TestNG3@3e8c3cb]" started-at="2023-03-05T11:32:10Z" name="afterTest" finished-at="2023-03-05T11:32:10Z" duration-ms="1" status="PASS">
          <reporter-output>
          </reporter-output>
        </test-method> <!-- afterTest -->
        <test-method is-config="true" signature="afterSuit()[pri:0, instance:testpack.TestNG3@3e8c3cb]" started-at="2023-03-05T11:32:10Z" name="afterSuit" finished-at="2023-03-05T11:32:10Z" duration-ms="2" status="PASS">
          <reporter-output>
          </reporter-output>
        </test-method> <!-- afterSuit -->
      </class> <!-- testpack.TestNG3 -->
    </test> <!-- Default test -->
  </suite> <!-- Default suite -->
</testng-results>
